app/build/intermediates/manifest_merge_blame_file/debug/manifest-merger-blame-debug-report.txt
1<?xml version="1.0" encoding="utf-8"?>
2<manifest xmlns:android="http://schemas.android.com/apk/res/android"
3    package="com.restaurant.alfi"
4    android:versionCode="1"
5    android:versionName="1.0" >
6
7    <uses-sdk
8        android:minSdkVersion="21"
8-->src\main\AndroidManifest.xml
9        android:targetSdkVersion="29" />
9-->src\main\AndroidManifest.xml
10
11    <uses-permission android:name="android.permission.INTERNET" />
11-->src\main\AndroidManifest.xml:5:5-67
11-->src\main\AndroidManifest.xml:5:22-64
12
13    <application
13-->src\main\AndroidManifest.xml:7:5-29:19
14        android:allowBackup="true"
14-->src\main\AndroidManifest.xml:8:9-35
15        android:appComponentFactory="androidx.core.app.CoreComponentFactory"
15-->[androidx.core:core:1.1.0] AndroidManifest.xml:24:18-86
16        android:debuggable="true"
17        android:icon="@mipmap/ic_launcher"
17-->src\main\AndroidManifest.xml:9:9-43
18        android:label="@string/app_name"
18-->src\main\AndroidManifest.xml:10:9-41
19        android:roundIcon="@mipmap/ic_launcher_round"
19-->src\main\AndroidManifest.xml:11:9-54
20        android:supportsRtl="true"
20-->src\main\AndroidManifest.xml:12:9-35
21        android:theme="@style/AppTheme"
21-->src\main\AndroidManifest.xml:13:9-40
22        android:usesCleartextTraffic="true" >
22-->src\main\AndroidManifest.xml:14:9-44
23        <activity android:name="com.restaurant.alfi.CreateRestaurantActivity" />
23-->src\main\AndroidManifest.xml:15:9-71
23-->src\main\AndroidManifest.xml:15:19-59
24        <activity
24-->src\main\AndroidManifest.xml:16:9-18:55
25            android:name="com.restaurant.alfi.ProfileActivity"
25-->src\main\AndroidManifest.xml:17:13-44
26            android:label="@string/profile_account" />
26-->src\main\AndroidManifest.xml:18:13-52
27        <activity android:name="com.restaurant.alfi.auth.ChangePasswordActivity" />
27-->src\main\AndroidManifest.xml:19:9-65
27-->src\main\AndroidManifest.xml:19:19-62
28        <activity android:name="com.restaurant.alfi.auth.RegisterActivity" />
28-->src\main\AndroidManifest.xml:20:9-59
28-->src\main\AndroidManifest.xml:20:19-56
29        <activity android:name="com.restaurant.alfi.auth.LoginActivity" >
29-->src\main\AndroidManifest.xml:21:9-27:20
29-->src\main\AndroidManifest.xml:21:19-53
30            <intent-filter>
30-->src\main\AndroidManifest.xml:22:13-26:29
31                <action android:name="android.intent.action.MAIN" />
31-->src\main\AndroidManifest.xml:23:17-69
31-->src\main\AndroidManifest.xml:23:25-66
32
33                <category android:name="android.intent.category.LAUNCHER" />
33-->src\main\AndroidManifest.xml:25:17-77
33-->src\main\AndroidManifest.xml:25:27-74
34            </intent-filter>
35        </activity>
36        <activity android:name="com.restaurant.alfi.DashboardActivity" />
36-->src\main\AndroidManifest.xml:28:9-55
36-->src\main\AndroidManifest.xml:28:19-52
37        <activity
37-->[com.karumi:dexter:5.0.0] AndroidManifest.xml:27:9-29:72
38            android:name="com.karumi.dexter.DexterActivity"
38-->[com.karumi:dexter:5.0.0] AndroidManifest.xml:28:13-60
39            android:theme="@style/Dexter.Internal.Theme.Transparent" />
39-->[com.karumi:dexter:5.0.0] AndroidManifest.xml:29:13-69
40    </application>
41
42</manifest>